<?xml version="1.0" encoding="UTF-8"?>
<!-- Generated by org.testng.reporters.JUnitXMLReporter -->
<testsuite ignored="2" hostname="DESKTOP-DT9DN0T" failures="1" tests="3" name="Default test(failed)" time="0.178" errors="0" timestamp="2022-06-07T15:16:29 IST">
  <testcase classname="TestNGPack1.GroupDependent" name="smokeTest2" time="0.019">
    <failure type="java.lang.ArithmeticException" message="/ by zero">
      <![CDATA[java.lang.ArithmeticException: / by zero
at TestNGPack1.GroupDependent.smokeTest2(GroupDependent.java:16)
at java.base/java.util.ArrayList.forEach(ArrayList.java:1511)
... Removed 27 stack frames]]>
    </failure>
  </testcase> <!-- smokeTest2 -->
  <testcase classname="TestNGPack1.GroupDependent" name="smokeTest1" time="0.006"/>
  <testcase classname="TestNGPack1.GroupDependent" name="dependsOnSmoke" time="0.0">
    <skipped/>
  </testcase> <!-- dependsOnSmoke -->
  <testcase classname="TestNGPack1.GroupDependent" name="RegressionTest2" time="0.0">
    <ignored/>
  </testcase> <!-- RegressionTest2 -->
  <testcase classname="TestNGPack1.GroupDependent" name="RegressionTest1" time="0.0">
    <ignored/>
  </testcase> <!-- RegressionTest1 -->
</testsuite> <!-- Default test(failed) -->
