<?xml version="1.0" encoding="UTF-8"?>
<!-- Generated by org.testng.reporters.JUnitXMLReporter -->
<testsuite ignored="1" hostname="DESKTOP-DT9DN0T" failures="0" tests="2" name="Test2" time="0.01" errors="0" timestamp="2022-06-06T13:08:34 IST">
  <testcase classname="TestNGPack2.classThree" name="classThreeTestMethod" time="0.001"/>
  <testcase classname="TestNGPack2.classFour" name="classFourTestMethod" time="0.003"/>
  <testcase classname="TestNGPack2.classThree" name="login" time="0.0">
    <ignored/>
  </testcase> <!-- login -->
</testsuite> <!-- Test2 -->
