<?xml version="1.0" encoding="UTF-8"?>
<!-- Generated by org.testng.reporters.JUnitXMLReporter -->
<testsuite ignored="2" hostname="DESKTOP-DT9DN0T" failures="0" tests="3" name="Default test(failed)(failed)" time="0.162" errors="0" timestamp="2022-06-07T15:17:04 IST">
  <testcase classname="TestNGPack1.GroupDependent" name="smokeTest2" time="0.019"/>
  <testcase classname="TestNGPack1.GroupDependent" name="smokeTest1" time="0.005"/>
  <testcase classname="TestNGPack1.GroupDependent" name="dependsOnSmoke" time="0.001"/>
  <testcase classname="TestNGPack1.GroupDependent" name="RegressionTest2" time="0.0">
    <ignored/>
  </testcase> <!-- RegressionTest2 -->
  <testcase classname="TestNGPack1.GroupDependent" name="RegressionTest1" time="0.0">
    <ignored/>
  </testcase> <!-- RegressionTest1 -->
</testsuite> <!-- Default test(failed)(failed) -->
