<?xml version="1.0" encoding="UTF-8"?>
<testng-results ignored="0" total="2" passed="2" failed="0" skipped="0">
  <reporter-output>
  </reporter-output>
  <suite started-at="2022-06-09T16:20:25 IST" name="Smoke" finished-at="2022-06-09T16:20:35 IST" duration-ms="9830">
    <groups>
    </groups>
    <test started-at="2022-06-09T16:20:25 IST" name="Booking" finished-at="2022-06-09T16:20:35 IST" duration-ms="9830">
      <class name="SeleniumScripts.Practice.GridDemo">
        <test-method signature="Grid1()[pri:0, instance:SeleniumScripts.Practice.GridDemo@272ed83b]" started-at="2022-06-09T16:20:25 IST" name="Grid1" finished-at="2022-06-09T16:20:33 IST" duration-ms="7847" status="PASS">
          <reporter-output>
          </reporter-output>
        </test-method> <!-- Grid1 -->
        <test-method signature="Grid()[pri:0, instance:SeleniumScripts.Practice.GridDemo@272ed83b]" started-at="2022-06-09T16:20:25 IST" name="Grid" finished-at="2022-06-09T16:20:35 IST" duration-ms="9736" status="PASS">
          <reporter-output>
          </reporter-output>
        </test-method> <!-- Grid -->
      </class> <!-- SeleniumScripts.Practice.GridDemo -->
    </test> <!-- Booking -->
  </suite> <!-- Smoke -->
</testng-results>
